<?xml version="1.0" encoding="UTF-8"?>
<!-- Generated by org.testng.reporters.JUnitXMLReporter -->
<testsuite ignored="0" hostname="Khan" failures="0" tests="3" name="Test" time="30.385" errors="0" timestamp="2022-08-13T09:47:06 EDT">
  <testcase classname="Test_Model.Page_Model_Signin_Test" name="OpenSignInPage" time="5.094"/>
  <testcase classname="Test_Model.Page_Model_Signup_Test" name="OpenloginPage" time="7.01"/>
  <testcase classname="Test_Model.Page_Model_Signup_Test" name="SignUppage" time="4.432"/>
</testsuite> <!-- Test -->
