<?xml version="1.0" encoding="UTF-8"?>
<testng-results ignored="0" total="2" passed="2" failed="0" skipped="0">
  <reporter-output>
  </reporter-output>
  <suite started-at="2022-08-13T11:21:01 EDT" name="Default suite" finished-at="2022-08-13T11:21:33 EDT" duration-ms="32365">
    <groups>
    </groups>
    <test started-at="2022-08-13T11:21:01 EDT" name="Default test" finished-at="2022-08-13T11:21:33 EDT" duration-ms="32365">
      <class name="Test_Model.Page_Factory_Signup_Test">
        <test-method is-config="true" signature="Setup()[pri:0, instance:Test_Model.Page_Factory_Signup_Test@4ddced80]" started-at="2022-08-13T11:21:01 EDT" name="Setup" finished-at="2022-08-13T11:21:07 EDT" duration-ms="5584" status="PASS">
          <reporter-output>
          </reporter-output>
        </test-method> <!-- Setup -->
        <test-method signature="OpenloginPage()[pri:0, instance:Test_Model.Page_Factory_Signup_Test@4ddced80]" started-at="2022-08-13T11:21:07 EDT" name="OpenloginPage" finished-at="2022-08-13T11:21:15 EDT" duration-ms="8418" status="PASS">
          <reporter-output>
          </reporter-output>
        </test-method> <!-- OpenloginPage -->
        <test-method signature="SignUppage()[pri:0, instance:Test_Model.Page_Factory_Signup_Test@4ddced80]" started-at="2022-08-13T11:21:15 EDT" name="SignUppage" finished-at="2022-08-13T11:21:22 EDT" duration-ms="6448" status="PASS">
          <reporter-output>
          </reporter-output>
        </test-method> <!-- SignUppage -->
        <test-method is-config="true" signature="FinalMethod()[pri:0, instance:Test_Model.Page_Factory_Signup_Test@4ddced80]" started-at="2022-08-13T11:21:22 EDT" name="FinalMethod" finished-at="2022-08-13T11:21:33 EDT" duration-ms="11846" status="PASS">
          <reporter-output>
          </reporter-output>
        </test-method> <!-- FinalMethod -->
      </class> <!-- Test_Model.Page_Factory_Signup_Test -->
    </test> <!-- Default test -->
  </suite> <!-- Default suite -->
</testng-results>
