<?xml version="1.0" encoding="UTF-8"?>
<testng-results ignored="0" total="2" passed="2" failed="0" skipped="0">
  <reporter-output>
  </reporter-output>
  <suite started-at="2022-08-07T10:13:20 EDT" name="Default suite" finished-at="2022-08-07T10:13:39 EDT" duration-ms="19206">
    <groups>
    </groups>
    <test started-at="2022-08-07T10:13:20 EDT" name="Default test" finished-at="2022-08-07T10:13:39 EDT" duration-ms="19206">
      <class name="Test_Model.Page_Model_Signup_Test">
        <test-method is-config="true" signature="Setup()[pri:0, instance:Test_Model.Page_Model_Signup_Test@4b14c583]" started-at="2022-08-07T10:13:20 EDT" name="Setup" finished-at="2022-08-07T10:13:24 EDT" duration-ms="4346" status="PASS">
          <reporter-output>
          </reporter-output>
        </test-method> <!-- Setup -->
        <test-method signature="OpenloginPage()[pri:0, instance:Test_Model.Page_Model_Signup_Test@4b14c583]" started-at="2022-08-07T10:13:24 EDT" name="OpenloginPage" finished-at="2022-08-07T10:13:30 EDT" duration-ms="5272" status="PASS">
          <reporter-output>
          </reporter-output>
        </test-method> <!-- OpenloginPage -->
        <test-method signature="SignUppage()[pri:0, instance:Test_Model.Page_Model_Signup_Test@4b14c583]" started-at="2022-08-07T10:13:30 EDT" name="SignUppage" finished-at="2022-08-07T10:13:35 EDT" duration-ms="5076" status="PASS">
          <reporter-output>
          </reporter-output>
        </test-method> <!-- SignUppage -->
        <test-method is-config="true" signature="FinalMethod()[pri:0, instance:Test_Model.Page_Model_Signup_Test@4b14c583]" started-at="2022-08-07T10:13:35 EDT" name="FinalMethod" finished-at="2022-08-07T10:13:39 EDT" duration-ms="4471" status="PASS">
          <reporter-output>
          </reporter-output>
        </test-method> <!-- FinalMethod -->
      </class> <!-- Test_Model.Page_Model_Signup_Test -->
    </test> <!-- Default test -->
  </suite> <!-- Default suite -->
</testng-results>
